\BOOKMARK [0][-]{chapter*.1}{Acknowledgements}{}
\BOOKMARK [0][-]{chapter.1}{Introduction}{}
\BOOKMARK [1][-]{section.1.1}{Small Introduction}{chapter.1}
\BOOKMARK [1][-]{section.1.2}{Motivation}{chapter.1}
\BOOKMARK [1][-]{section.1.3}{Aim and Methodology}{chapter.1}
\BOOKMARK [1][-]{section.1.4}{Organization}{chapter.1}
\BOOKMARK [0][-]{chapter.2}{Background}{}
\BOOKMARK [1][-]{section.2.1}{First order logic \(FOL\)}{chapter.2}
\BOOKMARK [2][-]{subsection.2.1.1}{FOL overview and Example on it}{section.2.1}
\BOOKMARK [2][-]{subsection.2.1.2}{Decidability of FOL}{section.2.1}
\BOOKMARK [2][-]{subsection.2.1.3}{Universe of FOL}{section.2.1}
\BOOKMARK [2][-]{subsection.2.1.4}{Equality}{section.2.1}
\BOOKMARK [1][-]{section.2.2}{Effectively propositional \(EPR\)}{chapter.2}
\BOOKMARK [2][-]{subsection.2.2.1}{What is EPR}{section.2.2}
\BOOKMARK [2][-]{subsection.2.2.2}{Example on EPR}{section.2.2}
\BOOKMARK [2][-]{subsection.2.2.3}{Decidability and Universe of EPR}{section.2.2}
\BOOKMARK [2][-]{subsection.2.2.4}{Equality in EPR}{section.2.2}
\BOOKMARK [1][-]{section.2.3}{Problem Set}{chapter.2}
\BOOKMARK [1][-]{section.2.4}{The theorem prover E}{chapter.2}
\BOOKMARK [2][-]{subsection.2.4.1}{What is E}{section.2.4}
\BOOKMARK [2][-]{subsection.2.4.2}{What can E do}{section.2.4}
\BOOKMARK [2][-]{subsection.2.4.3}{The Code flow of E}{section.2.4}
\BOOKMARK [2][-]{subsection.2.4.4}{Latest results}{section.2.4}
\BOOKMARK [0][-]{chapter.3}{Methodology and Implementation}{}
\BOOKMARK [1][-]{section.3.1}{Transformations}{chapter.3}
\BOOKMARK [2][-]{subsection.3.1.1}{Original transformations}{section.3.1}
\BOOKMARK [2][-]{subsection.3.1.2}{Simplified transformations}{section.3.1}
\BOOKMARK [1][-]{section.3.2}{Model Construction}{chapter.3}
\BOOKMARK [1][-]{section.3.3}{Code FLow}{chapter.3}
\BOOKMARK [0][-]{chapter.4}{Related Work}{}
\BOOKMARK [1][-]{section.4.1}{Different theorem provers}{chapter.4}
\BOOKMARK [1][-]{section.4.2}{Model Construction Techniques}{chapter.4}
\BOOKMARK [1][-]{section.4.3}{CASC competition}{chapter.4}
\BOOKMARK [1][-]{section.4.4}{EPR reasoning Techniques}{chapter.4}
\BOOKMARK [1][-]{section.4.5}{Range Restricting Transformations}{chapter.4}
\BOOKMARK [0][-]{chapter.5}{Testing, Validation and Evaluation}{}
\BOOKMARK [1][-]{section.5.1}{Simplified Transformations}{chapter.5}
\BOOKMARK [2][-]{subsection.5.1.1}{Evaluating Memory Efficiency}{section.5.1}
\BOOKMARK [2][-]{subsection.5.1.2}{Accuracy of the transformations}{section.5.1}
\BOOKMARK [1][-]{section.5.2}{Bachmair and Ganzinger Model Construction Technique}{chapter.5}
\BOOKMARK [2][-]{subsection.5.2.1}{Evaluating Memory Efficiency}{section.5.2}
\BOOKMARK [2][-]{subsection.5.2.2}{Accuracy of Implementation}{section.5.2}
\BOOKMARK [0][-]{chapter.6}{Results}{}
\BOOKMARK [1][-]{section.6.1}{Testing for termination}{chapter.6}
\BOOKMARK [1][-]{section.6.2}{Testing for Model}{chapter.6}
\BOOKMARK [0][-]{chapter.7}{Conclusion}{}
\BOOKMARK [0][-]{chapter.8}{Future Work}{}
\BOOKMARK [1][-]{section.8.1}{Implementational future work}{chapter.8}
\BOOKMARK [2][-]{subsection.8.1.1}{Extension for transformations}{section.8.1}
\BOOKMARK [2][-]{subsection.8.1.2}{Adding splitting techniques}{section.8.1}
\BOOKMARK [2][-]{subsection.8.1.3}{Implement other model construction techniques}{section.8.1}
\BOOKMARK [2][-]{subsection.8.1.4}{More on Bachmair and Ganzinger model construction technique}{section.8.1}
\BOOKMARK [1][-]{section.8.2}{Testing and evaluational future work}{chapter.8}
\BOOKMARK [2][-]{subsection.8.2.1}{More testing on the transformations}{section.8.2}
\BOOKMARK [2][-]{subsection.8.2.2}{More testing on the Bachmair and Ganzinger model construction technique}{section.8.2}
\BOOKMARK [0][-]{section*.27}{Appendix}{}
\BOOKMARK [0][-]{appendix.A}{Lists}{}
\BOOKMARK [1][-]{section*.28}{List of Abbreviations}{appendix.A}
\BOOKMARK [1][-]{appendix*.29}{List of Figures}{appendix.A}
\BOOKMARK [1][-]{appendix*.30}{List of Tables}{appendix.A}
\BOOKMARK [1][-]{appendix*.31}{List of Examples}{appendix.A}
\BOOKMARK [1][-]{appendix*.32}{List of Algorithms}{appendix.A}
\BOOKMARK [0][-]{appendix.B}{Syntax of FOL}{}
\BOOKMARK [0][-]{appendix.C}{Validation Details}{}
\BOOKMARK [0][-]{appendix.D}{Detailed Results}{}
\BOOKMARK [0][-]{appendix*.34}{References}{}
